0 info it worked if it ends with ok
1 verbose cli [ 'D:\\opt\\nodejs\\nodejs-v0.10.26-x64\\\\node.exe',
1 verbose cli   'D:\\opt\\nodejs\\nodejs-v0.10.26-x64\\node_modules\\npm\\bin\\npm-cli.js',
1 verbose cli   'publish' ]
2 info using npm@1.4.14
3 info using node@v0.10.29
4 verbose node symlink D:\opt\nodejs\nodejs-v0.10.26-x64\\node.exe
5 verbose publish [ '.' ]
6 verbose cache add [ '.', null ]
7 verbose cache add name=undefined spec="." args=[".",null]
8 verbose parsed url { protocol: null,
8 verbose parsed url   slashes: null,
8 verbose parsed url   auth: null,
8 verbose parsed url   host: null,
8 verbose parsed url   port: null,
8 verbose parsed url   hostname: null,
8 verbose parsed url   hash: null,
8 verbose parsed url   search: null,
8 verbose parsed url   query: null,
8 verbose parsed url   pathname: '.',
8 verbose parsed url   path: '.',
8 verbose parsed url   href: '.' }
9 silly lockFile 3a52ce78- .
10 verbose lock . C:\Users\Asus\AppData\Roaming\npm-cache\3a52ce78-.lock
11 verbose tar pack [ 'C:\\Users\\Asus\\AppData\\Roaming\\npm-cache\\mmjd-este-library\\1.0.1\\package.tgz',
11 verbose tar pack   '.' ]
12 verbose tarball C:\Users\Asus\AppData\Roaming\npm-cache\mmjd-este-library\1.0.1\package.tgz
13 verbose folder .
14 info prepublish mmjd-este-library@1.0.1
15 silly lockFile 1f1177db-tar tar://.
16 verbose lock tar://. C:\Users\Asus\AppData\Roaming\npm-cache\1f1177db-tar.lock
17 silly lockFile f82174cf-d-este-library-1-0-1-package-tgz tar://C:\Users\Asus\AppData\Roaming\npm-cache\mmjd-este-library\1.0.1\package.tgz
18 verbose lock tar://C:\Users\Asus\AppData\Roaming\npm-cache\mmjd-este-library\1.0.1\package.tgz C:\Users\Asus\AppData\Roaming\npm-cache\f82174cf-d-este-library-1-0-1-package-tgz.lock
19 silly lockFile 1f1177db-tar tar://.
20 silly lockFile 1f1177db-tar tar://.
21 silly lockFile f82174cf-d-este-library-1-0-1-package-tgz tar://C:\Users\Asus\AppData\Roaming\npm-cache\mmjd-este-library\1.0.1\package.tgz
22 silly lockFile f82174cf-d-este-library-1-0-1-package-tgz tar://C:\Users\Asus\AppData\Roaming\npm-cache\mmjd-este-library\1.0.1\package.tgz
23 silly lockFile b944f05c--mmjd-este-library-1-0-1-package C:\Users\Asus\AppData\Roaming\npm-cache\mmjd-este-library\1.0.1\package
24 verbose lock C:\Users\Asus\AppData\Roaming\npm-cache\mmjd-este-library\1.0.1\package C:\Users\Asus\AppData\Roaming\npm-cache\b944f05c--mmjd-este-library-1-0-1-package.lock
25 silly lockFile b944f05c--mmjd-este-library-1-0-1-package C:\Users\Asus\AppData\Roaming\npm-cache\mmjd-este-library\1.0.1\package
26 silly lockFile b944f05c--mmjd-este-library-1-0-1-package C:\Users\Asus\AppData\Roaming\npm-cache\mmjd-este-library\1.0.1\package
27 silly lockFile 3a52ce78- .
28 silly lockFile 3a52ce78- .
29 silly publish { name: 'mmjd-este-library',
29 silly publish   version: '1.0.1',
29 silly publish   description: 'Modified version of este-library version 7.0.3',
29 silly publish   author: { name: 'Daniel Steigerwald', email: 'daniel@steigerwald.cz' },
29 silly publish   private: true,
29 silly publish   keywords: [ 'Este', 'CoffeeScript', 'Google', 'Closure', 'Compiler', 'MVC' ],
29 silly publish   repository:
29 silly publish    { type: 'git',
29 silly publish      url: 'https://github.com/steida/este-library.git' },
29 silly publish   dependencies: { gulp: '^3.6.1', 'coffee-script': '^1.7.1', express: '^4.0.0' },
29 silly publish   devDependencies:
29 silly publish    { 'gulp-este': '^1.0.2',
29 silly publish      'run-sequence': '^0.3.6',
29 silly publish      yargs: '^1.2.1' },
29 silly publish   scripts: { test: 'gulp test', start: 'node server' },
29 silly publish   engines: { node: 'v0.10.x' },
29 silly publish   license: 'MIT',
29 silly publish   subdomain: 'este',
29 silly publish   readme: '# este-library [![Build Status](https://secure.travis-ci.org/steida/este-library.png?branch=master)](http://travis-ci.org/steida/este-library) [![devDependency Status](https://david-dm.org/steida/este-library/dev-status.png)](https://david-dm.org/steida/este-library#info=devDependencies)\r\n\r\nLibrary for [Este](https://github.com/steida/este) dev stack.\r\n\r\n## Prerequisites\r\n\r\n  [Java 1.7](http://www.oracle.com/technetwork/java/javase/downloads/index.html) and [Node.js](http://nodejs.org) are required.\r\n  \r\n  ```shell\r\n  npm install -g gulp\r\n  npm install -g bower\r\n  ```\r\n\r\n## Install\r\n\r\n  ```shell\r\n  bower install\r\n  npm install\r\n  gulp\r\n  ```\r\n\r\n## API reference\r\n\r\nTake a look at the source code, read documentation comments.\r\n\r\n## Demos\r\n\r\nRun dev stack. Type ```gulp``` on command line, open browser, click to link to Closure or Este demos.\r\n\r\n## License\r\nCopyright (c) 2013 Daniel Steigerwald\r\n\r\nLicensed under the MIT license.\r\n',
29 silly publish   readmeFilename: 'README.md',
29 silly publish   gitHead: '755e6e0b6202dfeab7f5c0c6376d06912f19c08b',
29 silly publish   bugs: { url: 'https://github.com/steida/este-library/issues' },
29 silly publish   homepage: 'https://github.com/steida/este-library',
29 silly publish   _id: 'mmjd-este-library@1.0.1',
29 silly publish   _shasum: 'bf4c5b4f8b68d0786b45472d32680db5e76feedd',
29 silly publish   _from: '.' }
30 error Error: This package has been marked as private
30 error Remove the 'private' field from the package.json to publish it.
30 error     at publish_ (D:\opt\nodejs\nodejs-v0.10.26-x64\node_modules\npm\lib\publish.js:91:31)
30 error     at Array.1 (D:\opt\nodejs\nodejs-v0.10.26-x64\node_modules\npm\node_modules\slide\lib\bind-actor.js:15:8)
30 error     at LOOP (D:\opt\nodejs\nodejs-v0.10.26-x64\node_modules\npm\node_modules\slide\lib\chain.js:15:14)
30 error     at LOOP (D:\opt\nodejs\nodejs-v0.10.26-x64\node_modules\npm\node_modules\slide\lib\chain.js:14:28)
30 error     at chain (D:\opt\nodejs\nodejs-v0.10.26-x64\node_modules\npm\node_modules\slide\lib\chain.js:20:5)
30 error     at D:\opt\nodejs\nodejs-v0.10.26-x64\node_modules\npm\lib\publish.js:59:5
30 error     at D:\opt\nodejs\nodejs-v0.10.26-x64\node_modules\npm\lib\cache.js:311:5
30 error     at D:\opt\nodejs\nodejs-v0.10.26-x64\node_modules\npm\node_modules\graceful-fs\graceful-fs.js:105:5
30 error     at Object.oncomplete (fs.js:107:15)
31 error If you need help, you may report this *entire* log,
31 error including the npm and node versions, at:
31 error     <http://github.com/npm/npm/issues>
32 error System Windows_NT 6.1.7601
33 error command "D:\\opt\\nodejs\\nodejs-v0.10.26-x64\\\\node.exe" "D:\\opt\\nodejs\\nodejs-v0.10.26-x64\\node_modules\\npm\\bin\\npm-cli.js" "publish"
34 error cwd D:\git\mmjd\mmjd-este-library
35 error node -v v0.10.29
36 error npm -v 1.4.14
37 verbose exit [ 1, true ]
